<?xml version="1.0" encoding="UTF-8"?>
<testsuite xmlns:xsi="http://www.w3.org/2001/XMLSchema-instance" xsi:noNamespaceSchemaLocation="https://maven.apache.org/surefire/maven-surefire-plugin/xsd/surefire-test-report.xsd" name="HelloWorldObject_delete_Test" time="0.187" tests="1" errors="0" skipped="0" failures="0">
  <properties>
    <property name="sun.desktop" value="windows"/>
    <property name="awt.toolkit" value="sun.awt.windows.WToolkit"/>
    <property name="file.encoding.pkg" value="sun.io"/>
    <property name="java.specification.version" value="1.8"/>
    <property name="sun.cpu.isalist" value="amd64"/>
    <property name="sun.jnu.encoding" value="Cp1252"/>
    <property name="java.class.path" value="D:\Flipkart-project\Flipkart cart\cart\target\test-classes;D:\Flipkart-project\Flipkart cart\cart\target\classes;C:\Users\hp\.m2\repository\org\apache\isis\core\isis-core-applib\2.0.0-M2\isis-core-applib-2.0.0-M2.jar;C:\Users\hp\.m2\repository\org\apache\isis\core\isis-core-commons\2.0.0-M2\isis-core-commons-2.0.0-M2.jar;C:\Users\hp\.m2\repository\javax\javaee-api\7.0\javaee-api-7.0.jar;C:\Users\hp\.m2\repository\com\sun\mail\javax.mail\1.5.0\javax.mail-1.5.0.jar;C:\Users\hp\.m2\repository\javax\activation\activation\1.1\activation-1.1.jar;C:\Users\hp\.m2\repository\com\google\code\findbugs\annotations\2.0.1\annotations-2.0.1.jar;C:\Users\hp\.m2\repository\org\apache\isis\core\isis-core-schema\2.0.0-M2\isis-core-schema-2.0.0-M2.jar;C:\Users\hp\.m2\repository\joda-time\joda-time\2.9.4\joda-time-2.9.4.jar;C:\Users\hp\.m2\repository\org\slf4j\slf4j-api\1.7.21\slf4j-api-1.7.21.jar;C:\Users\hp\.m2\repository\org\apache\isis\core\isis-core-plugins-codegen-bytebuddy\2.0.0-M2\isis-core-plugins-codegen-bytebuddy-2.0.0-M2.jar;C:\Users\hp\.m2\repository\net\bytebuddy\byte-buddy\1.9.2\byte-buddy-1.9.2.jar;C:\Users\hp\.m2\repository\org\objenesis\objenesis\2.4\objenesis-2.4.jar;C:\Users\hp\.m2\repository\org\apache\isis\core\isis-core-plugins-discovery-reflections\2.0.0-M2\isis-core-plugins-discovery-reflections-2.0.0-M2.jar;C:\Users\hp\.m2\repository\com\google\guava\guava\19.0\guava-19.0.jar;C:\Users\hp\.m2\repository\org\reflections\reflections\0.9.10\reflections-0.9.10.jar;C:\Users\hp\.m2\repository\org\javassist\javassist\3.19.0-GA\javassist-3.19.0-GA.jar;C:\Users\hp\.m2\repository\org\apache\isis\core\isis-core-plugins-jdo-datanucleus-5\2.0.0-M2\isis-core-plugins-jdo-datanucleus-5-2.0.0-M2.jar;C:\Users\hp\.m2\repository\org\datanucleus\javax.jdo\3.2.0-m10\javax.jdo-3.2.0-m10.jar;C:\Users\hp\.m2\repository\javax\transaction\transaction-api\1.1\transaction-api-1.1.jar;C:\Users\hp\.m2\repository\org\datanucleus\datanucleus-core\5.2.0-m2\datanucleus-core-5.2.0-m2.jar;C:\Users\hp\.m2\repository\org\datanucleus\datanucleus-api-jdo\5.2.0-m2\datanucleus-api-jdo-5.2.0-m2.jar;C:\Users\hp\.m2\repository\org\datanucleus\datanucleus-jdo-query\5.0.8\datanucleus-jdo-query-5.0.8.jar;C:\Users\hp\.m2\repository\org\datanucleus\datanucleus-rdbms\5.2.0-m2\datanucleus-rdbms-5.2.0-m2.jar;C:\Users\hp\.m2\repository\org\datanucleus\datanucleus-jodatime\5.2.0-m1\datanucleus-jodatime-5.2.0-m1.jar;C:\Users\hp\.m2\repository\org\apache\isis\core\isis-core-runtime\2.0.0-M2\isis-core-runtime-2.0.0-M2.jar;C:\Users\hp\.m2\repository\org\apache\isis\core\isis-core-log4j\2.0.0-M2\isis-core-log4j-2.0.0-M2.jar;C:\Users\hp\.m2\repository\org\apache\isis\core\isis-core-metamodel\2.0.0-M2\isis-core-metamodel-2.0.0-M2.jar;C:\Users\hp\.m2\repository\io\swagger\swagger-core\1.5.21\swagger-core-1.5.21.jar;C:\Users\hp\.m2\repository\com\fasterxml\jackson\dataformat\jackson-dataformat-yaml\2.9.5\jackson-dataformat-yaml-2.9.5.jar;C:\Users\hp\.m2\repository\org\yaml\snakeyaml\1.18\snakeyaml-1.18.jar;C:\Users\hp\.m2\repository\io\swagger\swagger-models\1.5.21\swagger-models-1.5.21.jar;C:\Users\hp\.m2\repository\io\swagger\swagger-annotations\1.5.21\swagger-annotations-1.5.21.jar;C:\Users\hp\.m2\repository\org\slf4j\slf4j-log4j12\1.7.21\slf4j-log4j12-1.7.21.jar;C:\Users\hp\.m2\repository\org\apache\commons\commons-email\1.4\commons-email-1.4.jar;C:\Users\hp\.m2\repository\org\apache\isis\core\isis-core-plugins-eventbus-axon\2.0.0-M2\isis-core-plugins-eventbus-axon-2.0.0-M2.jar;C:\Users\hp\.m2\repository\org\axonframework\axon-core\3.4\axon-core-3.4-ee-compat.jar;C:\Users\hp\.m2\repository\com\thoughtworks\xstream\xstream\1.4.10\xstream-1.4.10.jar;C:\Users\hp\.m2\repository\xpp3\xpp3\1.1.4c\xpp3-1.1.4c.jar;C:\Users\hp\.m2\repository\org\apache\isis\core\isis-core-plugins-jaxrs-resteasy-3\2.0.0-M2\isis-core-plugins-jaxrs-resteasy-3-2.0.0-M2.jar;C:\Users\hp\.m2\repository\org\apache\isis\core\isis-core-viewer-restfulobjects-rendering\2.0.0-M2\isis-core-viewer-restfulobjects-rendering-2.0.0-M2.jar;C:\Users\hp\.m2\repository\org\apache\isis\core\isis-core-viewer-restfulobjects-applib\2.0.0-M2\isis-core-viewer-restfulobjects-applib-2.0.0-M2.jar;C:\Users\hp\.m2\repository\org\apache\isis\core\isis-core-viewer-restfulobjects-server\2.0.0-M2\isis-core-viewer-restfulobjects-server-2.0.0-M2.jar;C:\Users\hp\.m2\repository\org\jboss\resteasy\resteasy-jaxb-provider\3.1.4.Final\resteasy-jaxb-provider-3.1.4.Final.jar;C:\Users\hp\.m2\repository\com\sun\xml\bind\jaxb-impl\2.2.7\jaxb-impl-2.2.7.jar;C:\Users\hp\.m2\repository\com\sun\xml\bind\jaxb-core\2.2.7\jaxb-core-2.2.7.jar;C:\Users\hp\.m2\repository\javax\xml\bind\jaxb-api\2.2.7\jaxb-api-2.2.7.jar;C:\Users\hp\.m2\repository\com\sun\istack\istack-commons-runtime\2.16\istack-commons-runtime-2.16.jar;C:\Users\hp\.m2\repository\com\sun\xml\fastinfoset\FastInfoset\1.2.12\FastInfoset-1.2.12.jar;C:\Users\hp\.m2\repository\javax\xml\bind\jsr173_api\1.0\jsr173_api-1.0.jar;C:\Users\hp\.m2\repository\org\jboss\logging\jboss-logging\3.3.0.Final\jboss-logging-3.3.0.Final.jar;C:\Users\hp\.m2\repository\org\jboss\resteasy\resteasy-jackson-provider\3.1.4.Final\resteasy-jackson-provider-3.1.4.Final.jar;C:\Users\hp\.m2\repository\org\codehaus\jackson\jackson-core-asl\1.9.13\jackson-core-asl-1.9.13.jar;C:\Users\hp\.m2\repository\org\codehaus\jackson\jackson-mapper-asl\1.9.13\jackson-mapper-asl-1.9.13.jar;C:\Users\hp\.m2\repository\org\codehaus\jackson\jackson-jaxrs\1.9.13\jackson-jaxrs-1.9.13.jar;C:\Users\hp\.m2\repository\org\codehaus\jackson\jackson-xc\1.9.13\jackson-xc-1.9.13.jar;C:\Users\hp\.m2\repository\org\jboss\resteasy\resteasy-jaxrs\3.1.4.Final\resteasy-jaxrs-3.1.4.Final.jar;C:\Users\hp\.m2\repository\org\jboss\spec\javax\ws\rs\jboss-jaxrs-api_2.0_spec\1.0.0.Final\jboss-jaxrs-api_2.0_spec-1.0.0.Final.jar;C:\Users\hp\.m2\repository\org\jboss\resteasy\resteasy-jaxrs-services\3.1.4.Final\resteasy-jaxrs-services-3.1.4.Final.jar;C:\Users\hp\.m2\repository\org\jboss\spec\javax\annotation\jboss-annotations-api_1.2_spec\1.0.0.Final\jboss-annotations-api_1.2_spec-1.0.0.Final.jar;C:\Users\hp\.m2\repository\org\apache\httpcomponents\httpclient\4.5.2\httpclient-4.5.2.jar;C:\Users\hp\.m2\repository\org\apache\httpcomponents\httpcore\4.4.4\httpcore-4.4.4.jar;C:\Users\hp\.m2\repository\commons-codec\commons-codec\1.10\commons-codec-1.10.jar;C:\Users\hp\.m2\repository\net\jcip\jcip-annotations\1.0\jcip-annotations-1.0.jar;C:\Users\hp\.m2\repository\commons-logging\commons-logging\1.2\commons-logging-1.2.jar;C:\Users\hp\.m2\repository\com\fasterxml\jackson\core\jackson-core\2.8.0\jackson-core-2.8.0.jar;C:\Users\hp\.m2\repository\com\fasterxml\jackson\core\jackson-databind\2.8.0\jackson-databind-2.8.0.jar;C:\Users\hp\.m2\repository\com\fasterxml\jackson\core\jackson-annotations\2.8.0\jackson-annotations-2.8.0.jar;C:\Users\hp\.m2\repository\com\fasterxml\jackson\module\jackson-module-jaxb-annotations\2.8.0\jackson-module-jaxb-annotations-2.8.0.jar;C:\Users\hp\.m2\repository\com\h2database\h2\1.4.197\h2-1.4.197.jar;C:\Users\hp\.m2\repository\org\apache\isis\core\isis-core-viewer-wicket-impl\2.0.0-M2\isis-core-viewer-wicket-impl-2.0.0-M2.jar;C:\Users\hp\.m2\repository\org\apache\isis\core\isis-core-viewer-wicket-ui\2.0.0-M2\isis-core-viewer-wicket-ui-2.0.0-M2.jar;C:\Users\hp\.m2\repository\org\apache\isis\core\isis-core-viewer-wicket-model\2.0.0-M2\isis-core-viewer-wicket-model-2.0.0-M2.jar;C:\Users\hp\.m2\repository\org\apache\wicket\wicket-core\8.2.0\wicket-core-8.2.0.jar;C:\Users\hp\.m2\repository\com\github\openjson\openjson\1.0.8\openjson-1.0.8.jar;C:\Users\hp\.m2\repository\org\apache\wicket\wicket-request\8.2.0\wicket-request-8.2.0.jar;C:\Users\hp\.m2\repository\org\apache\wicket\wicket-util\8.2.0\wicket-util-8.2.0.jar;C:\Users\hp\.m2\repository\commons-fileupload\commons-fileupload\1.3.3\commons-fileupload-1.3.3.jar;C:\Users\hp\.m2\repository\org\apache\commons\commons-collections4\4.1\commons-collections4-4.1.jar;C:\Users\hp\.m2\repository\org\danekja\jdk-serializable-functional\1.8.3\jdk-serializable-functional-1.8.3.jar;C:\Users\hp\.m2\repository\org\apache\wicket\wicket-devutils\8.2.0\wicket-devutils-8.2.0.jar;C:\Users\hp\.m2\repository\org\apache\wicket\wicket-extensions\8.2.0\wicket-extensions-8.2.0.jar;C:\Users\hp\.m2\repository\org\apache\wicket\wicket-guice\8.2.0\wicket-guice-8.2.0.jar;C:\Users\hp\.m2\repository\com\google\inject\guice\4.1.0\guice-4.1.0.jar;C:\Users\hp\.m2\repository\aopalliance\aopalliance\1.0\aopalliance-1.0.jar;C:\Users\hp\.m2\repository\org\apache\wicket\wicket-ioc\8.2.0\wicket-ioc-8.2.0.jar;C:\Users\hp\.m2\repository\org\ow2\asm\asm-util\6.2\asm-util-6.2.jar;C:\Users\hp\.m2\repository\org\ow2\asm\asm\6.2\asm-6.2.jar;C:\Users\hp\.m2\repository\org\ow2\asm\asm-tree\6.2\asm-tree-6.2.jar;C:\Users\hp\.m2\repository\org\ow2\asm\asm-analysis\6.2\asm-analysis-6.2.jar;C:\Users\hp\.m2\repository\org\wicketstuff\wicketstuff-select2\8.2.0\wicketstuff-select2-8.2.0.jar;C:\Users\hp\.m2\repository\org\webjars\select2\4.0.5\select2-4.0.5.jar;C:\Users\hp\.m2\repository\org\webjars\jquery\1.11.1\jquery-1.11.1.jar;C:\Users\hp\.m2\repository\org\webjars\jquery-ui\1.12.1\jquery-ui-1.12.1.jar;C:\Users\hp\.m2\repository\de\agilecoders\wicket\webjars\wicket-webjars\0.5.4\wicket-webjars-0.5.4.jar;C:\Users\hp\.m2\repository\de\agilecoders\wicket\wicket-bootstrap-extensions\2.0.3\wicket-bootstrap-extensions-2.0.3.jar;C:\Users\hp\.m2\repository\org\webjars\Eonasdan-bootstrap-datetimepicker\4.17.37-1\Eonasdan-bootstrap-datetimepicker-4.17.37-1.jar;C:\Users\hp\.m2\repository\org\webjars\momentjs\2.14.1\momentjs-2.14.1.jar;C:\Users\hp\.m2\repository\org\webjars\font-awesome\4.7.0\font-awesome-4.7.0.jar;C:\Users\hp\.m2\repository\org\webjars\animate.css\3.3.0\animate.css-3.3.0.jar;C:\Users\hp\.m2\repository\org\webjars\bower\summernote\0.8.1\summernote-0.8.1.jar;C:\Users\hp\.m2\repository\de\agilecoders\wicket\wicket-bootstrap-themes\2.0.3\wicket-bootstrap-themes-2.0.3.jar;C:\Users\hp\.m2\repository\org\apache\wicket\wicket-auth-roles\8.2.0\wicket-auth-roles-8.2.0.jar;C:\Users\hp\.m2\repository\de\agilecoders\wicket\wicket-bootstrap-core\2.0.3\wicket-bootstrap-core-2.0.3.jar;C:\Users\hp\.m2\repository\de\agilecoders\wicket\jquery-selectors\2.0.0\jquery-selectors-2.0.0.jar;C:\Users\hp\.m2\repository\org\webjars\bootstrap\3.3.7-1\bootstrap-3.3.7-1.jar;C:\Users\hp\.m2\repository\org\webjars\modernizr\2.8.3\modernizr-2.8.3.jar;C:\Users\hp\.m2\repository\org\apache\commons\commons-lang3\3.4\commons-lang3-3.4.jar;C:\Users\hp\.m2\repository\de\agilecoders\maven\maven-parent-config\0.3.5\maven-parent-config-0.3.5.jar;C:\Users\hp\.m2\repository\net\ftlines\wicket-source\wicket-source\7.0.0\wicket-source-7.0.0.jar;C:\Users\hp\.m2\repository\commons-io\commons-io\2.6\commons-io-2.6.jar;C:\Users\hp\.m2\repository\org\apache\isis\core\isis-core-security\2.0.0-M2\isis-core-security-2.0.0-M2.jar;C:\Users\hp\.m2\repository\org\apache\isis\core\isis-core-config\2.0.0-M2\isis-core-config-2.0.0-M2.jar;C:\Users\hp\.m2\repository\org\apache\isis\core\isis-core-plugins-security-shiro\2.0.0-M2\isis-core-plugins-security-shiro-2.0.0-M2.jar;C:\Users\hp\.m2\repository\org\apache\shiro\shiro-core\1.3.2\shiro-core-1.3.2.jar;C:\Users\hp\.m2\repository\commons-beanutils\commons-beanutils\1.8.3\commons-beanutils-1.8.3.jar;C:\Users\hp\.m2\repository\org\apache\shiro\shiro-web\1.3.2\shiro-web-1.3.2.jar;C:\Users\hp\.m2\repository\org\apache\isis\core\isis-core-unittestsupport\2.0.0-M2\isis-core-unittestsupport-2.0.0-M2.jar;C:\Users\hp\.m2\repository\org\junit\jupiter\junit-jupiter-api\5.3.1\junit-jupiter-api-5.3.1.jar;C:\Users\hp\.m2\repository\org\apiguardian\apiguardian-api\1.0.0\apiguardian-api-1.0.0.jar;C:\Users\hp\.m2\repository\org\opentest4j\opentest4j\1.1.1\opentest4j-1.1.1.jar;C:\Users\hp\.m2\repository\org\junit\platform\junit-platform-commons\1.3.1\junit-platform-commons-1.3.1.jar;C:\Users\hp\.m2\repository\org\junit\jupiter\junit-jupiter-engine\5.3.1\junit-jupiter-engine-5.3.1.jar;C:\Users\hp\.m2\repository\org\junit\platform\junit-platform-engine\1.3.1\junit-platform-engine-1.3.1.jar;C:\Users\hp\.m2\repository\org\junit\vintage\junit-vintage-engine\5.3.1\junit-vintage-engine-5.3.1.jar;C:\Users\hp\.m2\repository\org\picocontainer\picocontainer\2.15\picocontainer-2.15.jar;C:\Users\hp\.m2\repository\org\jmock\jmock\2.6.0\jmock-2.6.0.jar;C:\Users\hp\.m2\repository\org\jmock\jmock-junit4\2.6.0\jmock-junit4-2.6.0.jar;C:\Users\hp\.m2\repository\org\apache\isis\core\isis-core-integtestsupport\2.0.0-M2\isis-core-integtestsupport-2.0.0-M2.jar;C:\Users\hp\.m2\repository\log4j\log4j\1.2.17\log4j-1.2.17.jar;C:\Users\hp\.m2\repository\org\apache\isis\core\isis-core-specsupport\2.0.0-M2\isis-core-specsupport-2.0.0-M2.jar;C:\Users\hp\.m2\repository\info\cukes\cucumber-java\1.2.4\cucumber-java-1.2.4.jar;C:\Users\hp\.m2\repository\info\cukes\cucumber-core\1.2.4\cucumber-core-1.2.4.jar;C:\Users\hp\.m2\repository\info\cukes\cucumber-html\0.2.3\cucumber-html-0.2.3.jar;C:\Users\hp\.m2\repository\info\cukes\cucumber-jvm-deps\1.0.5\cucumber-jvm-deps-1.0.5.jar;C:\Users\hp\.m2\repository\info\cukes\gherkin\2.12.2\gherkin-2.12.2.jar;C:\Users\hp\.m2\repository\info\cukes\cucumber-junit\1.2.4\cucumber-junit-1.2.4.jar;C:\Users\hp\.m2\repository\junit\junit\4.12\junit-4.12.jar;C:\Users\hp\.m2\repository\org\hamcrest\hamcrest-library\1.3\hamcrest-library-1.3.jar;C:\Users\hp\.m2\repository\org\hamcrest\hamcrest-core\1.3\hamcrest-core-1.3.jar;C:\Users\hp\.m2\repository\org\assertj\assertj-core\3.11.1\assertj-core-3.11.1.jar;C:\Users\hp\.m2\repository\org\hsqldb\hsqldb\2.4.1\hsqldb-2.4.1.jar;"/>
    <property name="java.vm.vendor" value="Oracle Corporation"/>
    <property name="sun.arch.data.model" value="64"/>
    <property name="user.variant" value=""/>
    <property name="java.vendor.url" value="http://java.oracle.com/"/>
    <property name="user.timezone" value="Asia/Calcutta"/>
    <property name="java.vm.specification.version" value="1.8"/>
    <property name="os.name" value="Windows 10"/>
    <property name="user.country" value="US"/>
    <property name="sun.java.launcher" value="SUN_STANDARD"/>
    <property name="sun.boot.library.path" value="C:\Program Files\Java\jdk1.8.0_202\jre\bin"/>
    <property name="sun.java.command" value="C:\Users\hp\AppData\Local\Temp\surefire6503388446631101461\surefirebooter192977811619136437.jar C:\Users\hp\AppData\Local\Temp\surefire6503388446631101461 2022-01-03T15-09-03_304-jvmRun1 surefire2591440127756725044tmp surefire_08675588248586751615tmp"/>
    <property name="surefire.test.class.path" value="D:\Flipkart-project\Flipkart cart\cart\target\test-classes;D:\Flipkart-project\Flipkart cart\cart\target\classes;C:\Users\hp\.m2\repository\org\apache\isis\core\isis-core-applib\2.0.0-M2\isis-core-applib-2.0.0-M2.jar;C:\Users\hp\.m2\repository\org\apache\isis\core\isis-core-commons\2.0.0-M2\isis-core-commons-2.0.0-M2.jar;C:\Users\hp\.m2\repository\javax\javaee-api\7.0\javaee-api-7.0.jar;C:\Users\hp\.m2\repository\com\sun\mail\javax.mail\1.5.0\javax.mail-1.5.0.jar;C:\Users\hp\.m2\repository\javax\activation\activation\1.1\activation-1.1.jar;C:\Users\hp\.m2\repository\com\google\code\findbugs\annotations\2.0.1\annotations-2.0.1.jar;C:\Users\hp\.m2\repository\org\apache\isis\core\isis-core-schema\2.0.0-M2\isis-core-schema-2.0.0-M2.jar;C:\Users\hp\.m2\repository\joda-time\joda-time\2.9.4\joda-time-2.9.4.jar;C:\Users\hp\.m2\repository\org\slf4j\slf4j-api\1.7.21\slf4j-api-1.7.21.jar;C:\Users\hp\.m2\repository\org\apache\isis\core\isis-core-plugins-codegen-bytebuddy\2.0.0-M2\isis-core-plugins-codegen-bytebuddy-2.0.0-M2.jar;C:\Users\hp\.m2\repository\net\bytebuddy\byte-buddy\1.9.2\byte-buddy-1.9.2.jar;C:\Users\hp\.m2\repository\org\objenesis\objenesis\2.4\objenesis-2.4.jar;C:\Users\hp\.m2\repository\org\apache\isis\core\isis-core-plugins-discovery-reflections\2.0.0-M2\isis-core-plugins-discovery-reflections-2.0.0-M2.jar;C:\Users\hp\.m2\repository\com\google\guava\guava\19.0\guava-19.0.jar;C:\Users\hp\.m2\repository\org\reflections\reflections\0.9.10\reflections-0.9.10.jar;C:\Users\hp\.m2\repository\org\javassist\javassist\3.19.0-GA\javassist-3.19.0-GA.jar;C:\Users\hp\.m2\repository\org\apache\isis\core\isis-core-plugins-jdo-datanucleus-5\2.0.0-M2\isis-core-plugins-jdo-datanucleus-5-2.0.0-M2.jar;C:\Users\hp\.m2\repository\org\datanucleus\javax.jdo\3.2.0-m10\javax.jdo-3.2.0-m10.jar;C:\Users\hp\.m2\repository\javax\transaction\transaction-api\1.1\transaction-api-1.1.jar;C:\Users\hp\.m2\repository\org\datanucleus\datanucleus-core\5.2.0-m2\datanucleus-core-5.2.0-m2.jar;C:\Users\hp\.m2\repository\org\datanucleus\datanucleus-api-jdo\5.2.0-m2\datanucleus-api-jdo-5.2.0-m2.jar;C:\Users\hp\.m2\repository\org\datanucleus\datanucleus-jdo-query\5.0.8\datanucleus-jdo-query-5.0.8.jar;C:\Users\hp\.m2\repository\org\datanucleus\datanucleus-rdbms\5.2.0-m2\datanucleus-rdbms-5.2.0-m2.jar;C:\Users\hp\.m2\repository\org\datanucleus\datanucleus-jodatime\5.2.0-m1\datanucleus-jodatime-5.2.0-m1.jar;C:\Users\hp\.m2\repository\org\apache\isis\core\isis-core-runtime\2.0.0-M2\isis-core-runtime-2.0.0-M2.jar;C:\Users\hp\.m2\repository\org\apache\isis\core\isis-core-log4j\2.0.0-M2\isis-core-log4j-2.0.0-M2.jar;C:\Users\hp\.m2\repository\org\apache\isis\core\isis-core-metamodel\2.0.0-M2\isis-core-metamodel-2.0.0-M2.jar;C:\Users\hp\.m2\repository\io\swagger\swagger-core\1.5.21\swagger-core-1.5.21.jar;C:\Users\hp\.m2\repository\com\fasterxml\jackson\dataformat\jackson-dataformat-yaml\2.9.5\jackson-dataformat-yaml-2.9.5.jar;C:\Users\hp\.m2\repository\org\yaml\snakeyaml\1.18\snakeyaml-1.18.jar;C:\Users\hp\.m2\repository\io\swagger\swagger-models\1.5.21\swagger-models-1.5.21.jar;C:\Users\hp\.m2\repository\io\swagger\swagger-annotations\1.5.21\swagger-annotations-1.5.21.jar;C:\Users\hp\.m2\repository\org\slf4j\slf4j-log4j12\1.7.21\slf4j-log4j12-1.7.21.jar;C:\Users\hp\.m2\repository\org\apache\commons\commons-email\1.4\commons-email-1.4.jar;C:\Users\hp\.m2\repository\org\apache\isis\core\isis-core-plugins-eventbus-axon\2.0.0-M2\isis-core-plugins-eventbus-axon-2.0.0-M2.jar;C:\Users\hp\.m2\repository\org\axonframework\axon-core\3.4\axon-core-3.4-ee-compat.jar;C:\Users\hp\.m2\repository\com\thoughtworks\xstream\xstream\1.4.10\xstream-1.4.10.jar;C:\Users\hp\.m2\repository\xpp3\xpp3\1.1.4c\xpp3-1.1.4c.jar;C:\Users\hp\.m2\repository\org\apache\isis\core\isis-core-plugins-jaxrs-resteasy-3\2.0.0-M2\isis-core-plugins-jaxrs-resteasy-3-2.0.0-M2.jar;C:\Users\hp\.m2\repository\org\apache\isis\core\isis-core-viewer-restfulobjects-rendering\2.0.0-M2\isis-core-viewer-restfulobjects-rendering-2.0.0-M2.jar;C:\Users\hp\.m2\repository\org\apache\isis\core\isis-core-viewer-restfulobjects-applib\2.0.0-M2\isis-core-viewer-restfulobjects-applib-2.0.0-M2.jar;C:\Users\hp\.m2\repository\org\apache\isis\core\isis-core-viewer-restfulobjects-server\2.0.0-M2\isis-core-viewer-restfulobjects-server-2.0.0-M2.jar;C:\Users\hp\.m2\repository\org\jboss\resteasy\resteasy-jaxb-provider\3.1.4.Final\resteasy-jaxb-provider-3.1.4.Final.jar;C:\Users\hp\.m2\repository\com\sun\xml\bind\jaxb-impl\2.2.7\jaxb-impl-2.2.7.jar;C:\Users\hp\.m2\repository\com\sun\xml\bind\jaxb-core\2.2.7\jaxb-core-2.2.7.jar;C:\Users\hp\.m2\repository\javax\xml\bind\jaxb-api\2.2.7\jaxb-api-2.2.7.jar;C:\Users\hp\.m2\repository\com\sun\istack\istack-commons-runtime\2.16\istack-commons-runtime-2.16.jar;C:\Users\hp\.m2\repository\com\sun\xml\fastinfoset\FastInfoset\1.2.12\FastInfoset-1.2.12.jar;C:\Users\hp\.m2\repository\javax\xml\bind\jsr173_api\1.0\jsr173_api-1.0.jar;C:\Users\hp\.m2\repository\org\jboss\logging\jboss-logging\3.3.0.Final\jboss-logging-3.3.0.Final.jar;C:\Users\hp\.m2\repository\org\jboss\resteasy\resteasy-jackson-provider\3.1.4.Final\resteasy-jackson-provider-3.1.4.Final.jar;C:\Users\hp\.m2\repository\org\codehaus\jackson\jackson-core-asl\1.9.13\jackson-core-asl-1.9.13.jar;C:\Users\hp\.m2\repository\org\codehaus\jackson\jackson-mapper-asl\1.9.13\jackson-mapper-asl-1.9.13.jar;C:\Users\hp\.m2\repository\org\codehaus\jackson\jackson-jaxrs\1.9.13\jackson-jaxrs-1.9.13.jar;C:\Users\hp\.m2\repository\org\codehaus\jackson\jackson-xc\1.9.13\jackson-xc-1.9.13.jar;C:\Users\hp\.m2\repository\org\jboss\resteasy\resteasy-jaxrs\3.1.4.Final\resteasy-jaxrs-3.1.4.Final.jar;C:\Users\hp\.m2\repository\org\jboss\spec\javax\ws\rs\jboss-jaxrs-api_2.0_spec\1.0.0.Final\jboss-jaxrs-api_2.0_spec-1.0.0.Final.jar;C:\Users\hp\.m2\repository\org\jboss\resteasy\resteasy-jaxrs-services\3.1.4.Final\resteasy-jaxrs-services-3.1.4.Final.jar;C:\Users\hp\.m2\repository\org\jboss\spec\javax\annotation\jboss-annotations-api_1.2_spec\1.0.0.Final\jboss-annotations-api_1.2_spec-1.0.0.Final.jar;C:\Users\hp\.m2\repository\org\apache\httpcomponents\httpclient\4.5.2\httpclient-4.5.2.jar;C:\Users\hp\.m2\repository\org\apache\httpcomponents\httpcore\4.4.4\httpcore-4.4.4.jar;C:\Users\hp\.m2\repository\commons-codec\commons-codec\1.10\commons-codec-1.10.jar;C:\Users\hp\.m2\repository\net\jcip\jcip-annotations\1.0\jcip-annotations-1.0.jar;C:\Users\hp\.m2\repository\commons-logging\commons-logging\1.2\commons-logging-1.2.jar;C:\Users\hp\.m2\repository\com\fasterxml\jackson\core\jackson-core\2.8.0\jackson-core-2.8.0.jar;C:\Users\hp\.m2\repository\com\fasterxml\jackson\core\jackson-databind\2.8.0\jackson-databind-2.8.0.jar;C:\Users\hp\.m2\repository\com\fasterxml\jackson\core\jackson-annotations\2.8.0\jackson-annotations-2.8.0.jar;C:\Users\hp\.m2\repository\com\fasterxml\jackson\module\jackson-module-jaxb-annotations\2.8.0\jackson-module-jaxb-annotations-2.8.0.jar;C:\Users\hp\.m2\repository\com\h2database\h2\1.4.197\h2-1.4.197.jar;C:\Users\hp\.m2\repository\org\apache\isis\core\isis-core-viewer-wicket-impl\2.0.0-M2\isis-core-viewer-wicket-impl-2.0.0-M2.jar;C:\Users\hp\.m2\repository\org\apache\isis\core\isis-core-viewer-wicket-ui\2.0.0-M2\isis-core-viewer-wicket-ui-2.0.0-M2.jar;C:\Users\hp\.m2\repository\org\apache\isis\core\isis-core-viewer-wicket-model\2.0.0-M2\isis-core-viewer-wicket-model-2.0.0-M2.jar;C:\Users\hp\.m2\repository\org\apache\wicket\wicket-core\8.2.0\wicket-core-8.2.0.jar;C:\Users\hp\.m2\repository\com\github\openjson\openjson\1.0.8\openjson-1.0.8.jar;C:\Users\hp\.m2\repository\org\apache\wicket\wicket-request\8.2.0\wicket-request-8.2.0.jar;C:\Users\hp\.m2\repository\org\apache\wicket\wicket-util\8.2.0\wicket-util-8.2.0.jar;C:\Users\hp\.m2\repository\commons-fileupload\commons-fileupload\1.3.3\commons-fileupload-1.3.3.jar;C:\Users\hp\.m2\repository\org\apache\commons\commons-collections4\4.1\commons-collections4-4.1.jar;C:\Users\hp\.m2\repository\org\danekja\jdk-serializable-functional\1.8.3\jdk-serializable-functional-1.8.3.jar;C:\Users\hp\.m2\repository\org\apache\wicket\wicket-devutils\8.2.0\wicket-devutils-8.2.0.jar;C:\Users\hp\.m2\repository\org\apache\wicket\wicket-extensions\8.2.0\wicket-extensions-8.2.0.jar;C:\Users\hp\.m2\repository\org\apache\wicket\wicket-guice\8.2.0\wicket-guice-8.2.0.jar;C:\Users\hp\.m2\repository\com\google\inject\guice\4.1.0\guice-4.1.0.jar;C:\Users\hp\.m2\repository\aopalliance\aopalliance\1.0\aopalliance-1.0.jar;C:\Users\hp\.m2\repository\org\apache\wicket\wicket-ioc\8.2.0\wicket-ioc-8.2.0.jar;C:\Users\hp\.m2\repository\org\ow2\asm\asm-util\6.2\asm-util-6.2.jar;C:\Users\hp\.m2\repository\org\ow2\asm\asm\6.2\asm-6.2.jar;C:\Users\hp\.m2\repository\org\ow2\asm\asm-tree\6.2\asm-tree-6.2.jar;C:\Users\hp\.m2\repository\org\ow2\asm\asm-analysis\6.2\asm-analysis-6.2.jar;C:\Users\hp\.m2\repository\org\wicketstuff\wicketstuff-select2\8.2.0\wicketstuff-select2-8.2.0.jar;C:\Users\hp\.m2\repository\org\webjars\select2\4.0.5\select2-4.0.5.jar;C:\Users\hp\.m2\repository\org\webjars\jquery\1.11.1\jquery-1.11.1.jar;C:\Users\hp\.m2\repository\org\webjars\jquery-ui\1.12.1\jquery-ui-1.12.1.jar;C:\Users\hp\.m2\repository\de\agilecoders\wicket\webjars\wicket-webjars\0.5.4\wicket-webjars-0.5.4.jar;C:\Users\hp\.m2\repository\de\agilecoders\wicket\wicket-bootstrap-extensions\2.0.3\wicket-bootstrap-extensions-2.0.3.jar;C:\Users\hp\.m2\repository\org\webjars\Eonasdan-bootstrap-datetimepicker\4.17.37-1\Eonasdan-bootstrap-datetimepicker-4.17.37-1.jar;C:\Users\hp\.m2\repository\org\webjars\momentjs\2.14.1\momentjs-2.14.1.jar;C:\Users\hp\.m2\repository\org\webjars\font-awesome\4.7.0\font-awesome-4.7.0.jar;C:\Users\hp\.m2\repository\org\webjars\animate.css\3.3.0\animate.css-3.3.0.jar;C:\Users\hp\.m2\repository\org\webjars\bower\summernote\0.8.1\summernote-0.8.1.jar;C:\Users\hp\.m2\repository\de\agilecoders\wicket\wicket-bootstrap-themes\2.0.3\wicket-bootstrap-themes-2.0.3.jar;C:\Users\hp\.m2\repository\org\apache\wicket\wicket-auth-roles\8.2.0\wicket-auth-roles-8.2.0.jar;C:\Users\hp\.m2\repository\de\agilecoders\wicket\wicket-bootstrap-core\2.0.3\wicket-bootstrap-core-2.0.3.jar;C:\Users\hp\.m2\repository\de\agilecoders\wicket\jquery-selectors\2.0.0\jquery-selectors-2.0.0.jar;C:\Users\hp\.m2\repository\org\webjars\bootstrap\3.3.7-1\bootstrap-3.3.7-1.jar;C:\Users\hp\.m2\repository\org\webjars\modernizr\2.8.3\modernizr-2.8.3.jar;C:\Users\hp\.m2\repository\org\apache\commons\commons-lang3\3.4\commons-lang3-3.4.jar;C:\Users\hp\.m2\repository\de\agilecoders\maven\maven-parent-config\0.3.5\maven-parent-config-0.3.5.jar;C:\Users\hp\.m2\repository\net\ftlines\wicket-source\wicket-source\7.0.0\wicket-source-7.0.0.jar;C:\Users\hp\.m2\repository\commons-io\commons-io\2.6\commons-io-2.6.jar;C:\Users\hp\.m2\repository\org\apache\isis\core\isis-core-security\2.0.0-M2\isis-core-security-2.0.0-M2.jar;C:\Users\hp\.m2\repository\org\apache\isis\core\isis-core-config\2.0.0-M2\isis-core-config-2.0.0-M2.jar;C:\Users\hp\.m2\repository\org\apache\isis\core\isis-core-plugins-security-shiro\2.0.0-M2\isis-core-plugins-security-shiro-2.0.0-M2.jar;C:\Users\hp\.m2\repository\org\apache\shiro\shiro-core\1.3.2\shiro-core-1.3.2.jar;C:\Users\hp\.m2\repository\commons-beanutils\commons-beanutils\1.8.3\commons-beanutils-1.8.3.jar;C:\Users\hp\.m2\repository\org\apache\shiro\shiro-web\1.3.2\shiro-web-1.3.2.jar;C:\Users\hp\.m2\repository\org\apache\isis\core\isis-core-unittestsupport\2.0.0-M2\isis-core-unittestsupport-2.0.0-M2.jar;C:\Users\hp\.m2\repository\org\junit\jupiter\junit-jupiter-api\5.3.1\junit-jupiter-api-5.3.1.jar;C:\Users\hp\.m2\repository\org\apiguardian\apiguardian-api\1.0.0\apiguardian-api-1.0.0.jar;C:\Users\hp\.m2\repository\org\opentest4j\opentest4j\1.1.1\opentest4j-1.1.1.jar;C:\Users\hp\.m2\repository\org\junit\platform\junit-platform-commons\1.3.1\junit-platform-commons-1.3.1.jar;C:\Users\hp\.m2\repository\org\junit\jupiter\junit-jupiter-engine\5.3.1\junit-jupiter-engine-5.3.1.jar;C:\Users\hp\.m2\repository\org\junit\platform\junit-platform-engine\1.3.1\junit-platform-engine-1.3.1.jar;C:\Users\hp\.m2\repository\org\junit\vintage\junit-vintage-engine\5.3.1\junit-vintage-engine-5.3.1.jar;C:\Users\hp\.m2\repository\org\picocontainer\picocontainer\2.15\picocontainer-2.15.jar;C:\Users\hp\.m2\repository\org\jmock\jmock\2.6.0\jmock-2.6.0.jar;C:\Users\hp\.m2\repository\org\jmock\jmock-junit4\2.6.0\jmock-junit4-2.6.0.jar;C:\Users\hp\.m2\repository\org\apache\isis\core\isis-core-integtestsupport\2.0.0-M2\isis-core-integtestsupport-2.0.0-M2.jar;C:\Users\hp\.m2\repository\log4j\log4j\1.2.17\log4j-1.2.17.jar;C:\Users\hp\.m2\repository\org\apache\isis\core\isis-core-specsupport\2.0.0-M2\isis-core-specsupport-2.0.0-M2.jar;C:\Users\hp\.m2\repository\info\cukes\cucumber-java\1.2.4\cucumber-java-1.2.4.jar;C:\Users\hp\.m2\repository\info\cukes\cucumber-core\1.2.4\cucumber-core-1.2.4.jar;C:\Users\hp\.m2\repository\info\cukes\cucumber-html\0.2.3\cucumber-html-0.2.3.jar;C:\Users\hp\.m2\repository\info\cukes\cucumber-jvm-deps\1.0.5\cucumber-jvm-deps-1.0.5.jar;C:\Users\hp\.m2\repository\info\cukes\gherkin\2.12.2\gherkin-2.12.2.jar;C:\Users\hp\.m2\repository\info\cukes\cucumber-junit\1.2.4\cucumber-junit-1.2.4.jar;C:\Users\hp\.m2\repository\junit\junit\4.12\junit-4.12.jar;C:\Users\hp\.m2\repository\org\hamcrest\hamcrest-library\1.3\hamcrest-library-1.3.jar;C:\Users\hp\.m2\repository\org\hamcrest\hamcrest-core\1.3\hamcrest-core-1.3.jar;C:\Users\hp\.m2\repository\org\assertj\assertj-core\3.11.1\assertj-core-3.11.1.jar;C:\Users\hp\.m2\repository\org\hsqldb\hsqldb\2.4.1\hsqldb-2.4.1.jar;"/>
    <property name="sun.cpu.endian" value="little"/>
    <property name="user.home" value="C:\Users\hp"/>
    <property name="user.language" value="en"/>
    <property name="java.specification.vendor" value="Oracle Corporation"/>
    <property name="java.home" value="C:\Program Files\Java\jdk1.8.0_202\jre"/>
    <property name="basedir" value="D:\Flipkart-project\Flipkart cart\cart"/>
    <property name="file.separator" value="\"/>
    <property name="line.separator" value="&#10;"/>
    <property name="java.vm.specification.vendor" value="Oracle Corporation"/>
    <property name="java.specification.name" value="Java Platform API Specification"/>
    <property name="java.awt.graphicsenv" value="sun.awt.Win32GraphicsEnvironment"/>
    <property name="surefire.real.class.path" value="C:\Users\hp\AppData\Local\Temp\surefire6503388446631101461\surefirebooter192977811619136437.jar"/>
    <property name="sun.boot.class.path" value="C:\Program Files\Java\jdk1.8.0_202\jre\lib\resources.jar;C:\Program Files\Java\jdk1.8.0_202\jre\lib\rt.jar;C:\Program Files\Java\jdk1.8.0_202\jre\lib\sunrsasign.jar;C:\Program Files\Java\jdk1.8.0_202\jre\lib\jsse.jar;C:\Program Files\Java\jdk1.8.0_202\jre\lib\jce.jar;C:\Program Files\Java\jdk1.8.0_202\jre\lib\charsets.jar;C:\Program Files\Java\jdk1.8.0_202\jre\lib\jfr.jar;C:\Program Files\Java\jdk1.8.0_202\jre\classes"/>
    <property name="user.script" value=""/>
    <property name="sun.management.compiler" value="HotSpot 64-Bit Tiered Compilers"/>
    <property name="java.runtime.version" value="1.8.0_202-b08"/>
    <property name="user.name" value="hp"/>
    <property name="path.separator" value=";"/>
    <property name="os.version" value="10.0"/>
    <property name="java.endorsed.dirs" value="C:\Program Files\Java\jdk1.8.0_202\jre\lib\endorsed"/>
    <property name="java.runtime.name" value="Java(TM) SE Runtime Environment"/>
    <property name="file.encoding" value="Cp1252"/>
    <property name="java.vm.name" value="Java HotSpot(TM) 64-Bit Server VM"/>
    <property name="localRepository" value="C:\Users\hp\.m2\repository"/>
    <property name="java.vendor.url.bug" value="http://bugreport.sun.com/bugreport/"/>
    <property name="java.io.tmpdir" value="C:\Users\hp\AppData\Local\Temp\"/>
    <property name="java.version" value="1.8.0_202"/>
    <property name="user.dir" value="D:\Flipkart-project\Flipkart cart\cart"/>
    <property name="os.arch" value="amd64"/>
    <property name="java.vm.specification.name" value="Java Virtual Machine Specification"/>
    <property name="java.awt.printerjob" value="sun.awt.windows.WPrinterJob"/>
    <property name="sun.os.patch.level" value=""/>
    <property name="java.library.path" value="C:\Program Files\Java\jdk1.8.0_202\jre\bin;C:\WINDOWS\Sun\Java\bin;C:\WINDOWS\system32;C:\WINDOWS;C:\Program Files (x86)\Common Files\Oracle\Java\javapath;C:\WINDOWS\system32;C:\WINDOWS;C:\WINDOWS\System32\Wbem;C:\WINDOWS\System32\WindowsPowerShell\v1.0\;C:\WINDOWS\System32\OpenSSH\;C:\Program Files\PuTTY\;C:\Program Files\Git\cmd;C:\Program Files\Java\jdk1.8.0_202\bin;C:\apache-maven-3.8.3\bin;C:\Users\hp\AppData\Local\Microsoft\WindowsApps;."/>
    <property name="java.vm.info" value="mixed mode"/>
    <property name="java.vendor" value="Oracle Corporation"/>
    <property name="java.vm.version" value="25.202-b08"/>
    <property name="java.ext.dirs" value="C:\Program Files\Java\jdk1.8.0_202\jre\lib\ext;C:\WINDOWS\Sun\Java\lib\ext"/>
    <property name="sun.io.unicode.encoding" value="UnicodeLittle"/>
    <property name="java.class.version" value="52.0"/>
  </properties>
  <testcase name="happy_case" classname="domainapp.dom.impl.HelloWorldObject_delete_Test" time="0.059"/>
</testsuite>